<?xml version="1.0" encoding="UTF-8"?>
<testsuite xmlns:xsi="http://www.w3.org/2001/XMLSchema-instance" xsi:noNamespaceSchemaLocation="https://maven.apache.org/surefire/maven-surefire-plugin/xsd/surefire-test-report-3.0.xsd" version="3.0" name="io.cucumber.junit.platform.engine.CucumberTestEngine" time="15.352" tests="9" errors="0" skipped="0" failures="0">
  <properties>
[...]
</properties>
  <testcase name="As a user add a product to cart" classname="add product to shopcart" time="4.017">
    <system-out><![CDATA[&amp#27;[2m2024-06-19T14:09:35.223Z&amp#27;[0;39m &amp#27;[33m WARN&amp#27;[0;39m &amp#27;[35m1979&amp#27;[0;39m &amp#27;[2m---&amp#27;[0;39m &amp#27;[2m[           main]&amp#27;[0;39m &amp#27;[2m&amp#27;[0;39m&amp#27;[36mo.o.selenium.devtools.CdpVersionFinder  &amp#27;[0;39m &amp#27;[2m:&amp#27;[0;39m Unable to find an exact match for CDP version 126, returning the closest version; found: 125; Please update to a Selenium version that supports CDP version 126
Quitting the driver...
]]></system-out>
  </testcase>
  <testcase name="Verify homepage title" classname="Check homepage" time="0.655">
    <system-out><![CDATA[&amp#27;[2m2024-06-19T14:09:36.722Z&amp#27;[0;39m &amp#27;[33m WARN&amp#27;[0;39m &amp#27;[35m1979&amp#27;[0;39m &amp#27;[2m---&amp#27;[0;39m &amp#27;[2m[           main]&amp#27;[0;39m &amp#27;[2m&amp#27;[0;39m&amp#27;[36mo.o.selenium.devtools.CdpVersionFinder  &amp#27;[0;39m &amp#27;[2m:&amp#27;[0;39m Unable to find an exact match for CDP version 126, returning the closest version; found: 125; Please update to a Selenium version that supports CDP version 126
Quitting the driver...
]]></system-out>
  </testcase>
  <testcase name="Form is missing data" classname="User wants to checkout shopcart" time="0.757">
    <system-out><![CDATA[&amp#27;[2m2024-06-19T14:09:37.411Z&amp#27;[0;39m &amp#27;[33m WARN&amp#27;[0;39m &amp#27;[35m1979&amp#27;[0;39m &amp#27;[2m---&amp#27;[0;39m &amp#27;[2m[           main]&amp#27;[0;39m &amp#27;[2m&amp#27;[0;39m&amp#27;[36mo.o.selenium.devtools.CdpVersionFinder  &amp#27;[0;39m &amp#27;[2m:&amp#27;[0;39m Unable to find an exact match for CDP version 126, returning the closest version; found: 125; Please update to a Selenium version that supports CDP version 126
Quitting the driver...
]]></system-out>
  </testcase>
  <testcase name="When user fills out the Form with wrongdata" classname="User wants to checkout shopcart" time="2.432">
    <system-out><![CDATA[&amp#27;[2m2024-06-19T14:09:38.130Z&amp#27;[0;39m &amp#27;[33m WARN&amp#27;[0;39m &amp#27;[35m1979&amp#27;[0;39m &amp#27;[2m---&amp#27;[0;39m &amp#27;[2m[           main]&amp#27;[0;39m &amp#27;[2m&amp#27;[0;39m&amp#27;[36mo.o.selenium.devtools.CdpVersionFinder  &amp#27;[0;39m &amp#27;[2m:&amp#27;[0;39m Unable to find an exact match for CDP version 126, returning the closest version; found: 125; Please update to a Selenium version that supports CDP version 126
zip 48700
firstName Ada
lastName Svensen
country Sverige
address Bogatan 1
city Köping
cc-number 12356
cc-expiration 24/03
email ada.svensen
cc-name Ada Svensen
cc-cvv 123
Quitting the driver...
]]></system-out>
  </testcase>
  <testcase name="when user fills out the form correct with depit card" classname="User wants to checkout shopcart" time="2.201">
    <system-out><![CDATA[&amp#27;[2m2024-06-19T14:09:40.579Z&amp#27;[0;39m &amp#27;[33m WARN&amp#27;[0;39m &amp#27;[35m1979&amp#27;[0;39m &amp#27;[2m---&amp#27;[0;39m &amp#27;[2m[           main]&amp#27;[0;39m &amp#27;[2m&amp#27;[0;39m&amp#27;[36mo.o.selenium.devtools.CdpVersionFinder  &amp#27;[0;39m &amp#27;[2m:&amp#27;[0;39m Unable to find an exact match for CDP version 126, returning the closest version; found: 125; Please update to a Selenium version that supports CDP version 126
zip 48700
firstName Ada
lastName Svensen
country Sverige
address Bogatan 1
city Köping
cc-number 12356
cc-expiration 24/03
email ada.svensen@epost.com
cc-name Ada Svensen
cc-cvv 123
Quitting the driver...
]]></system-out>
  </testcase>
  <testcase name="when user fills out the form correct with paypal" classname="User wants to checkout shopcart" time="0.534">
    <system-out><![CDATA[&amp#27;[2m2024-06-19T14:09:42.757Z&amp#27;[0;39m &amp#27;[33m WARN&amp#27;[0;39m &amp#27;[35m1979&amp#27;[0;39m &amp#27;[2m---&amp#27;[0;39m &amp#27;[2m[           main]&amp#27;[0;39m &amp#27;[2m&amp#27;[0;39m&amp#27;[36mo.o.selenium.devtools.CdpVersionFinder  &amp#27;[0;39m &amp#27;[2m:&amp#27;[0;39m Unable to find an exact match for CDP version 126, returning the closest version; found: 125; Please update to a Selenium version that supports CDP version 126
Quitting the driver...
]]></system-out>
  </testcase>
  <testcase name="Check the cart for the amount" classname="Check for correct sum" time="1.583">
    <system-out><![CDATA[&amp#27;[2m2024-06-19T14:09:43.300Z&amp#27;[0;39m &amp#27;[33m WARN&amp#27;[0;39m &amp#27;[35m1979&amp#27;[0;39m &amp#27;[2m---&amp#27;[0;39m &amp#27;[2m[           main]&amp#27;[0;39m &amp#27;[2m&amp#27;[0;39m&amp#27;[36mo.o.selenium.devtools.CdpVersionFinder  &amp#27;[0;39m &amp#27;[2m:&amp#27;[0;39m Unable to find an exact match for CDP version 126, returning the closest version; found: 125; Please update to a Selenium version that supports CDP version 126
https://webshop-agil-testautomatiserare.netlify.app/checkout
Quitting the driver...
]]></system-out>
  </testcase>
  <testcase name="As a user search for product on webpage find true" classname="Search for product on webpage" time="1.574">
    <system-out><![CDATA[&amp#27;[2m2024-06-19T14:09:44.882Z&amp#27;[0;39m &amp#27;[33m WARN&amp#27;[0;39m &amp#27;[35m1979&amp#27;[0;39m &amp#27;[2m---&amp#27;[0;39m &amp#27;[2m[           main]&amp#27;[0;39m &amp#27;[2m&amp#27;[0;39m&amp#27;[36mo.o.selenium.devtools.CdpVersionFinder  &amp#27;[0;39m &amp#27;[2m:&amp#27;[0;39m Unable to find an exact match for CDP version 126, returning the closest version; found: 125; Please update to a Selenium version that supports CDP version 126
Number of div before search 20
Value inside the search input field: WD
Number of matching products: 2
Quitting the driver...
]]></system-out>
  </testcase>
  <testcase name="As a user search for product on webpage find false" classname="Search for product on webpage" time="1.47">
    <system-out><![CDATA[&amp#27;[2m2024-06-19T14:09:46.449Z&amp#27;[0;39m &amp#27;[33m WARN&amp#27;[0;39m &amp#27;[35m1979&amp#27;[0;39m &amp#27;[2m---&amp#27;[0;39m &amp#27;[2m[           main]&amp#27;[0;39m &amp#27;[2m&amp#27;[0;39m&amp#27;[36mo.o.selenium.devtools.CdpVersionFinder  &amp#27;[0;39m &amp#27;[2m:&amp#27;[0;39m Unable to find an exact match for CDP version 126, returning the closest version; found: 125; Please update to a Selenium version that supports CDP version 126
Number of div before search 20
Value inside the search input field: Elefant
Quitting the driver...
]]></system-out>
  </testcase>
</testsuite>